#
# There is insufficient memory for the Java Runtime Environment to continue.
# Native memory allocation (malloc) failed to allocate 1048576 bytes for AllocateHeap
# Possible reasons:
#   The system is out of physical RAM or swap space
#   The process is running with CompressedOops enabled, and the Java Heap may be blocking the growth of the native heap
# Possible solutions:
#   Reduce memory load on the system
#   Increase physical memory or swap space
#   Check if swap backing store is full
#   Decrease Java heap size (-Xmx/-Xms)
#   Decrease number of Java threads
#   Decrease Java thread stack sizes (-Xss)
#   Set larger code cache with -XX:ReservedCodeCacheSize=
#   JVM is running with Zero Based Compressed Oops mode in which the Java heap is
#     placed in the first 32GB address space. The Java Heap base address is the
#     maximum limit for the native heap growth. Please use -XX:HeapBaseMinAddress
#     to set the Java Heap base and to place the Java Heap above 32GB virtual address.
# This output file may be truncated or incomplete.
#
#  Out of Memory Error (memory/allocation.inline.hpp:61), pid=1600, tid=0x00000000000012fc
#
# JRE version:  (8.0_221-b11) (build )
# Java VM: Java HotSpot(TM) 64-Bit Server VM (25.221-b11 mixed mode windows-amd64 compressed oops)
# Failed to write core dump. Minidumps are not enabled by default on client versions of Windows
#

---------------  T H R E A D  ---------------

Current thread (0x00000000030fe800):  JavaThread "Unknown thread" [_thread_in_vm, id=4860, stack(0x0000000002fd0000,0x00000000030d0000)]

Stack: [0x0000000002fd0000,0x00000000030d0000]
[error occurred during error reporting (printing stack bounds), id 0xc0000005]

Native frames: (J=compiled Java code, j=interpreted, Vv=VM code, C=native code)


---------------  P R O C E S S  ---------------

Java Threads: ( => current thread )

Other Threads:

=>0x00000000030fe800 (exited) JavaThread "Unknown thread" [_thread_in_vm, id=4860, stack(0x0000000002fd0000,0x00000000030d0000)]

VM state:not at safepoint (normal execution)

VM Mutex/Monitor currently owned by a thread: None

heap address: 0x00000006c2600000, size: 4058 MB, Compressed Oops mode: Zero based, Oop shift amount: 3
Narrow klass base: 0x0000000000000000, Narrow klass shift: 3
Compressed class space size: 1073741824 Address: 0x00000007c0000000

Heap:
 PSYoungGen      total 75776K, used 1300K [0x000000076b780000, 0x0000000770c00000, 0x00000007c0000000)
  eden space 65024K, 2% used [0x000000076b780000,0x000000076b8c51f8,0x000000076f700000)
  from space 10752K, 0% used [0x0000000770180000,0x0000000770180000,0x0000000770c00000)
  to   space 10752K, 0% used [0x000000076f700000,0x000000076f700000,0x0000000770180000)
 ParOldGen       total 173568K, used 0K [0x00000006c2600000, 0x00000006ccf80000, 0x000000076b780000)
  object space 173568K, 0% used [0x00000006c2600000,0x00000006c2600000,0x00000006ccf80000)
 Metaspace       used 776K, capacity 4480K, committed 4480K, reserved 1056768K
  class space    used 76K, capacity 384K, committed 384K, reserved 1048576K

Card table byte_map: [0x00000000125c0000,0x0000000012db0000] byte_map_base: 0x000000000efad000

Marking Bits: (ParMarkBitMap*) 0x0000000059a05ce0
 Begin Bits: [0x0000000013d00000, 0x0000000017c68000)
 End Bits:   [0x0000000017c68000, 0x000000001bbd0000)

Polling page: 0x0000000000df0000

CodeCache: size=245760Kb used=328Kb max_used=328Kb free=245431Kb
 bounds [0x0000000003200000, 0x0000000003470000, 0x0000000012200000]
 total_blobs=58 nmethods=0 adapters=38
 compilation: enabled

Compilation events (0 events):
No events

GC Heap History (0 events):
No events

Deoptimization events (0 events):
No events

Classes redefined (0 events):
No events

Internal exceptions (0 events):
No events

Events (10 events):
Event: 0.019 loading class java/lang/Short
Event: 0.019 loading class java/lang/Short done
Event: 0.019 loading class java/lang/Integer
Event: 0.019 loading class java/lang/Integer done
Event: 0.019 loading class java/lang/Long
Event: 0.019 loading class java/lang/Long done
Event: 0.020 loading class java/lang/NullPointerException
Event: 0.020 loading class java/lang/NullPointerException done
Event: 0.020 loading class java/lang/ArithmeticException
Event: 0.020 loading class java/lang/ArithmeticException done


Dynamic libraries:
0x00007ff6353d0000 - 0x00007ff635407000 	C:\Program Files\Java\jdk1.8.0_221\bin\javaw.exe
0x00007fff27c40000 - 0x00007fff27e30000 	C:\WINDOWS\SYSTEM32\ntdll.dll
0x00007fff27010000 - 0x00007fff270c2000 	C:\WINDOWS\System32\KERNEL32.DLL
0x00007fff259a0000 - 0x00007fff25c43000 	C:\WINDOWS\System32\KERNELBASE.dll
0x00007fff27130000 - 0x00007fff271d3000 	C:\WINDOWS\System32\ADVAPI32.dll
0x00007fff27a90000 - 0x00007fff27b2e000 	C:\WINDOWS\System32\msvcrt.dll
0x00007fff27b60000 - 0x00007fff27bf7000 	C:\WINDOWS\System32\sechost.dll
0x00007fff27940000 - 0x00007fff27a60000 	C:\WINDOWS\System32\RPCRT4.dll
0x00007fff25cf0000 - 0x00007fff25e84000 	C:\WINDOWS\System32\USER32.dll
0x00007fff25970000 - 0x00007fff25991000 	C:\WINDOWS\System32\win32u.dll
0x00007fff27b30000 - 0x00007fff27b56000 	C:\WINDOWS\System32\GDI32.dll
0x00007fff24ed0000 - 0x00007fff25064000 	C:\WINDOWS\System32\gdi32full.dll
0x00007fff25c50000 - 0x00007fff25cee000 	C:\WINDOWS\System32\msvcp_win.dll
0x00007fff24c50000 - 0x00007fff24d4a000 	C:\WINDOWS\System32\ucrtbase.dll
0x00007fff0ee70000 - 0x00007fff0f0f5000 	C:\WINDOWS\WinSxS\amd64_microsoft.windows.common-controls_6595b64144ccf1df_6.0.18362.476_none_e6c4b11b130f2595\COMCTL32.dll
0x00007fff26c60000 - 0x00007fff26f96000 	C:\WINDOWS\System32\combase.dll
0x00007fff24bd0000 - 0x00007fff24c50000 	C:\WINDOWS\System32\bcryptPrimitives.dll
0x00007fff27a60000 - 0x00007fff27a8e000 	C:\WINDOWS\System32\IMM32.DLL
0x0000000058fd0000 - 0x00000000590a2000 	C:\Program Files\Java\jdk1.8.0_221\jre\bin\msvcr100.dll
0x00000000591e0000 - 0x0000000059a85000 	C:\Program Files\Java\jdk1.8.0_221\jre\bin\server\jvm.dll
0x00007fff27860000 - 0x00007fff27868000 	C:\WINDOWS\System32\PSAPI.DLL
0x00007ffefef30000 - 0x00007ffefef39000 	C:\WINDOWS\SYSTEM32\WSOCK32.dll
0x00007fff1ce20000 - 0x00007fff1ce2a000 	C:\WINDOWS\SYSTEM32\VERSION.dll
0x00007fff1edd0000 - 0x00007fff1edf4000 	C:\WINDOWS\SYSTEM32\WINMM.dll
0x00007fff26fa0000 - 0x00007fff2700f000 	C:\WINDOWS\System32\WS2_32.dll
0x00007fff1eba0000 - 0x00007fff1ebcd000 	C:\WINDOWS\SYSTEM32\WINMMBASE.dll
0x00007fff24d50000 - 0x00007fff24d9a000 	C:\WINDOWS\System32\cfgmgr32.dll
0x00007fff1fd60000 - 0x00007fff1fd6f000 	C:\Program Files\Java\jdk1.8.0_221\jre\bin\verify.dll
0x00007fff1fd30000 - 0x00007fff1fd59000 	C:\Program Files\Java\jdk1.8.0_221\jre\bin\java.dll
0x00007fff1fd10000 - 0x00007fff1fd26000 	C:\Program Files\Java\jdk1.8.0_221\jre\bin\zip.dll

VM Arguments:
jvm_args: -Dfile.encoding=Cp1254 
java_command: OtelYonetim
java_class_path (initial): C:\Users\HP\eclipse-workspace\RezervasyonSistemi\bin;C:\Users\HP\Desktop\ojdbc6.jar;C:\Users\HP\Desktop\Gazi Üniversitesi\HASTANE OTOMASYONU PROJE\HastaneOtomasyonu\jdatepicker-1.3.4.jar
Launcher Type: SUN_STANDARD

Environment Variables:
CLASSPATH=C:\Program Files\Java\jre1.8.0_221\lib\ext
PATH=C:/Program Files/Java/jdk1.8.0_221/bin/../jre/bin/server;C:/Program Files/Java/jdk1.8.0_221/bin/../jre/bin;C:/Program Files/Java/jdk1.8.0_221/bin/../jre/lib/amd64;C:\Program Files (x86)\Common Files\Oracle\Java\javapath;C:\oraclexe\app\oracle\product\11.2.0\server\bin;C:\Users\HP\Desktop\WINDOWS.X64_193000_db_home\bin;C:\windows\system32;C:\windows;C:\windows\System32\Wbem;C:\windows\System32\WindowsPowerShell\v1.0\;C:\windows\System32\OpenSSH\;C:\Program Files (x86)\NVIDIA Corporation\PhysX\Common;C:\Program Files\Intel\WiFi\bin\;C:\Program Files\Common Files\Intel\WirelessCommon\;C:\Program Files (x86)\Windows Live\Shared;;%SystemRoot%\system32;%SystemRoot%;%SystemRoot%\System32\Wbem;%SYSTEMROOT%\System32\WindowsPowerShell\v1.0\;%SYSTEMROOT%\System32\OpenSSH\;C:\Users\HP\AppData\Local\Microsoft\WindowsApps;C:\Program Files\Intel\WiFi\bin\;C:\Program Files\Common Files\Intel\WirelessCommon\;C:\Program Files\Java\jdk1.8.0_221\bin;C:\Program Files\Java\jdk1.8.0_221\jre;;C:\Users\HP\Desktop;
USERNAME=HP
OS=Windows_NT
PROCESSOR_IDENTIFIER=Intel64 Family 6 Model 158 Stepping 10, GenuineIntel



---------------  S Y S T E M  ---------------

OS: Windows 10.0 , 64 bit Build 18362 (10.0.18362.329)

CPU:total 12 (initial active 12) (6 cores per cpu, 2 threads per core) family 6 model 158 stepping 10, cmov, cx8, fxsr, mmx, sse, sse2, sse3, ssse3, sse4.1, sse4.2, popcnt, avx, avx2, aes, clmul, erms, 3dnowpref, lzcnt, ht, tsc, tscinvbit, bmi1, bmi2, adx

Memory: 4k page, physical 16620472k(9184820k free), swap 24024144k(5440k free)

vm_info: Java HotSpot(TM) 64-Bit Server VM (25.221-b11) for windows-amd64 JRE (1.8.0_221-b11), built on Jul  4 2019 04:39:29 by "java_re" with MS VC++ 10.0 (VS2010)

time: Sat Dec 07 17:25:43 2019
timezone: Türkiye Standart Saati
elapsed time: 0 seconds (0d 0h 0m 0s)

